#
# A fatal error has been detected by the Java Runtime Environment:
#
#  EXCEPTION_ACCESS_VIOLATION (0xc0000005) at pc=0x0000000073172d85, pid=9064, tid=460
#
# JRE version: 6.0_17-b04
# Java VM: Java HotSpot(TM) 64-Bit Server VM (14.3-b01 mixed mode windows-amd64 )
# Problematic frame:
# C  0x0000000073172d85
#
# If you would like to submit a bug report, please visit:
#   http://java.sun.com/webapps/bugreport/crash.jsp
# The crash happened outside the Java Virtual Machine in native code.
# See problematic frame for where to report the bug.
#

---------------  T H R E A D  ---------------

Current thread (0x000000005760a800):  JavaThread "AWT-EventQueue-0" [_thread_in_native, id=460, stack(0x00000000179f0000,0x0000000017a70000)]

siginfo: ExceptionCode=0xc0000005, reading address 0x00000000000003fc

Registers:
EAX=0x00000000000000ff, EBX=0x0000000008330001, ECX=0x00000000000000ff, EDX=0x0000000000000000
ESP=0x0000000017a6e440, EBP=0x0000000000000001, ESI=0x0000000000000543, EDI=0x000000000000005c
EIP=0x0000000073172d85, EFLAGS=0x0000000000010217

Top of Stack: (sp=0x0000000017a6e440)
0x0000000017a6e440:   00000000ffffffe7 000000000f4919a0
0x0000000017a6e450:   000000000f8de9b0 00000000732b6b58
0x0000000017a6e460:   000000005760a9b8 0000000073152261
0x0000000017a6e470:   000000005760a9b8 0000000000000012
0x0000000017a6e480:   000000005760a9b8 000000000f4919a0
0x0000000017a6e490:   0000000017a6e5a0 0000000017a6e500
0x0000000017a6e4a0:   00000000732b6b58 0000000017a6e4f0
0x0000000017a6e4b0:   0000029600000019 000002f20000055c
0x0000000017a6e4c0:   0000029600000019 000002f20000055c
0x0000000017a6e4d0:   0000000000000000 0000000000000000
0x0000000017a6e4e0:   0000000000000001 0000000000000000
0x0000000017a6e4f0:   000000005760a800 00000000406400a8
0x0000000017a6e500:   0000029600000019 000002f20000055c
0x0000000017a6e510:   000000000825620f 0000000100000000
0x0000000017a6e520:   0000000000000544 0000000000000000
0x0000000017a6e530:   0000000000000000 0000000000000000 

Instructions: (pc=0x0000000073172d85)
0x0000000073172d75:   99 0f b6 d2 03 c2 c1 f8 08 41 83 c2 ff 0f b6 c8
0x0000000073172d85:   41 0f b6 04 8c 88 43 ff 75 b1 4d 03 cb 48 03 dd 


Stack: [0x00000000179f0000,0x0000000017a70000],  sp=0x0000000017a6e440,  free space=505k
Native frames: (J=compiled Java code, j=interpreted, Vv=VM code, C=native code)
C  0x0000000073172d85

Java frames: (J=compiled Java code, j=interpreted, Vv=VM code)
J  sun.java2d.loops.Blit.Blit(Lsun/java2d/SurfaceData;Lsun/java2d/SurfaceData;Ljava/awt/Composite;Lsun/java2d/pipe/Region;IIIIII)V
J  sun.java2d.pipe.DrawImage.copyImage(Lsun/java2d/SunGraphics2D;Ljava/awt/Image;IILjava/awt/Color;Ljava/awt/image/ImageObserver;)Z
J  javax.swing.RepaintManager$PaintManager.paintDoubleBuffered(Ljavax/swing/JComponent;Ljava/awt/Image;Ljava/awt/Graphics;IIII)V
J  javax.swing.RepaintManager$PaintManager.paint(Ljavax/swing/JComponent;Ljavax/swing/JComponent;Ljava/awt/Graphics;IIII)Z
j  javax.swing.RepaintManager.paint(Ljavax/swing/JComponent;Ljavax/swing/JComponent;Ljava/awt/Graphics;IIII)V+52
J  javax.swing.JComponent._paintImmediately(IIII)V
J  javax.swing.RepaintManager.paintDirtyRegions(Ljava/util/Map;)V
j  javax.swing.RepaintManager.paintDirtyRegions()V+46
j  javax.swing.RepaintManager.seqPaintDirtyRegions()V+73
j  javax.swing.SystemEventQueueUtilities$ComponentWorkRequest.run()V+36
J  java.awt.event.InvocationEvent.dispatch()V
J  java.awt.EventDispatchThread.pumpOneEventForFilters(I)Z
J  java.awt.EventDispatchThread.pumpEventsForFilter(ILjava/awt/Conditional;Ljava/awt/EventFilter;)V
j  java.awt.EventDispatchThread.pumpEventsForHierarchy(ILjava/awt/Conditional;Ljava/awt/Component;)V+11
j  java.awt.EventDispatchThread.pumpEvents(ILjava/awt/Conditional;)V+4
j  java.awt.EventDispatchThread.pumpEvents(Ljava/awt/Conditional;)V+3
j  java.awt.EventDispatchThread.run()V+9
v  ~StubRoutines::call_stub

---------------  P R O C E S S  ---------------

Java Threads: ( => current thread )
=>0x000000005760a800 JavaThread "AWT-EventQueue-0" [_thread_in_native, id=460, stack(0x00000000179f0000,0x0000000017a70000)]
  0x000000000f571000 JavaThread "Code Analyzer updating thread" [_thread_blocked, id=4692, stack(0x00000000082b0000,0x0000000008330000)]
  0x0000000057609000 JavaThread "Code Analyzer updating thread" [_thread_blocked, id=7748, stack(0x00000000150d0000,0x0000000015150000)]
  0x000000000f575800 JavaThread "Code Analyzer updating thread" [_thread_blocked, id=6888, stack(0x0000000017af0000,0x0000000017b70000)]
  0x000000000f575000 JavaThread "Swing-Shell" daemon [_thread_blocked, id=7948, stack(0x0000000015190000,0x0000000015210000)]
  0x000000000f56b800 JavaThread "Prefs Updater" daemon [_thread_blocked, id=8772, stack(0x000000001d180000,0x000000001d200000)]
  0x000000000f56c000 JavaThread "Foxtrot Single Worker Thread #1" daemon [_thread_blocked, id=3212, stack(0x000000000fee0000,0x000000000ff60000)]
  0x000000000f573800 JavaThread "Active Reference Queue Daemon" daemon [_thread_blocked, id=2200, stack(0x0000000033090000,0x0000000033110000)]
  0x000000000f572000 JavaThread "Timer-13" daemon [_thread_blocked, id=6060, stack(0x0000000032f40000,0x0000000032fc0000)]
  0x000000000f572800 JavaThread "Timer-6" daemon [_thread_blocked, id=6568, stack(0x0000000050c90000,0x0000000050d10000)]
  0x000000000f570800 JavaThread "Explorer NavigationContext request queue" [_thread_blocked, id=4780, stack(0x0000000053eb0000,0x0000000053f30000)]
  0x000000000f56f000 JavaThread "AddressBar directory emptiness poller" [_thread_blocked, id=6600, stack(0x0000000031510000,0x0000000031590000)]
  0x000000000f56e000 JavaThread "Explorer Refresh Service 171051131" [_thread_blocked, id=8968, stack(0x0000000053c10000,0x0000000053c90000)]
  0x000000000f56d000 JavaThread "Timer-1" daemon [_thread_blocked, id=2808, stack(0x00000000292d0000,0x0000000029350000)]
  0x000000000f56a800 JavaThread "TimerQueue" daemon [_thread_blocked, id=5004, stack(0x0000000029360000,0x00000000293e0000)]
  0x000000000f56a000 JavaThread "Thread-5" daemon [_thread_blocked, id=5848, stack(0x000000000fe40000,0x000000000fec0000)]
  0x000000000f568800 JavaThread "AWT-Shutdown" [_thread_blocked, id=8252, stack(0x0000000018f80000,0x0000000019000000)]
  0x000000000f567800 JavaThread "FelixPackageAdmin" daemon [_thread_blocked, id=6680, stack(0x000000000ff60000,0x000000000ffe0000)]
  0x000000000f567000 JavaThread "FelixStartLevel" daemon [_thread_blocked, id=4892, stack(0x000000001d0a0000,0x000000001d120000)]
  0x000000000f696800 JavaThread "FelixDispatchQueue" daemon [_thread_blocked, id=8856, stack(0x0000000019000000,0x0000000019080000)]
  0x0000000005c0c800 JavaThread "com.google.common.base.internal.Finalizer" daemon [_thread_blocked, id=8636, stack(0x000000000dee0000,0x000000000df60000)]
  0x000000000f224000 JavaThread "AWT-Windows" daemon [_thread_in_native, id=6756, stack(0x000000000dcf0000,0x000000000dd70000)]
  0x000000000f1a2800 JavaThread "Java2D Disposer" daemon [_thread_blocked, id=8592, stack(0x000000000ccd0000,0x000000000cd50000)]
  0x000000000eec0800 JavaThread "Timer-0" [_thread_blocked, id=3648, stack(0x000000000cbf0000,0x000000000cc70000)]
  0x000000000ed64800 JavaThread "EventMgr Dispatcher" daemon [_thread_in_native, id=3536, stack(0x00000000088b0000,0x000000000c8b0000)]
  0x000000000db75000 JavaThread "Low Memory Detector" daemon [_thread_blocked, id=4416, stack(0x000000000e130000,0x000000000e1b0000)]
  0x000000000db73800 JavaThread "CompilerThread1" daemon [_thread_blocked, id=6656, stack(0x000000006b2d0000,0x000000006f2d0000)]
  0x000000000db68000 JavaThread "CompilerThread0" daemon [_thread_blocked, id=4088, stack(0x0000000064bf0000,0x0000000068bf0000)]
  0x0000000005c9e800 JavaThread "Attach Listener" daemon [_thread_blocked, id=2872, stack(0x000000000e030000,0x000000000e0b0000)]
  0x0000000005c8a800 JavaThread "Finalizer" daemon [_thread_blocked, id=2488, stack(0x000000000de40000,0x000000000dec0000)]
  0x0000000005c82000 JavaThread "Reference Handler" daemon [_thread_blocked, id=2220, stack(0x000000000dd90000,0x000000000de10000)]
  0x0000000005b9f800 JavaThread "main" [_thread_in_native, id=9048, stack(0x00000000001c0000,0x00000000041c0000)]

Other Threads:
  0x000000000db22000 VMThread [stack: 0x00000000604f0000,0x00000000644f0000] [id=8612]
  0x000000000dbac800 WatcherThread [stack: 0x0000000080000000,0x0000000084000000] [id=6480]

VM state:not at safepoint (normal execution)

VM Mutex/Monitor currently owned by a thread: None

Heap
 PSYoungGen      total 12672K, used 11910K [0x00000000498e0000, 0x000000004aca0000, 0x000000004c9e0000)
  eden space 6720K, 99% used [0x00000000498e0000,0x0000000049f637d8,0x0000000049f70000)
  from space 5952K, 88% used [0x0000000049f70000,0x000000004a48e190,0x000000004a540000)
  to   space 6720K, 0% used [0x000000004a610000,0x000000004a610000,0x000000004aca0000)
 PSOldGen        total 150528K, used 150251K [0x00000000405e0000, 0x00000000498e0000, 0x00000000498e0000)
  object space 150528K, 99% used [0x00000000405e0000,0x000000004989ae48,0x00000000498e0000)
 PSPermGen       total 67904K, used 67602K [0x00000000385e0000, 0x000000003c830000, 0x00000000405e0000)
  object space 67904K, 99% used [0x00000000385e0000,0x000000003c7e4938,0x000000003c830000)

Dynamic libraries:
0x000000013f470000 - 0x000000013f49d000 	C:\Program Files\MATLAB\R2012b\bin\win64\MATLAB.exe
0x00000000772e0000 - 0x000000007748b000 	C:\Windows\SYSTEM32\ntdll.dll
0x00000000770c0000 - 0x00000000771df000 	C:\Windows\system32\kernel32.dll
0x000007fefd330000 - 0x000007fefd39b000 	C:\Windows\system32\KERNELBASE.dll
0x0000000074460000 - 0x000000007451f000 	C:\Program Files\MATLAB\R2012b\bin\win64\libut.dll
0x00000000758a0000 - 0x000000007595c000 	C:\Program Files\MATLAB\R2012b\bin\win64\libmwi18n.dll
0x0000000180000000 - 0x000000018000b000 	C:\Program Files\MATLAB\R2012b\bin\win64\libmwresource_core.dll
0x0000000071310000 - 0x00000000713e3000 	C:\Windows\WinSxS\amd64_microsoft.vc90.crt_1fc8b3b9a1e18e3b_9.0.30729.6161_none_08e61857a83bc251\MSVCP90.dll
0x0000000071260000 - 0x0000000071303000 	C:\Windows\WinSxS\amd64_microsoft.vc90.crt_1fc8b3b9a1e18e3b_9.0.30729.6161_none_08e61857a83bc251\MSVCR90.dll
0x000000007a170000 - 0x000000007a19c000 	C:\Program Files\MATLAB\R2012b\bin\win64\boost_filesystem-vc90-mt-1_44.dll
0x000000007a560000 - 0x000000007a569000 	C:\Program Files\MATLAB\R2012b\bin\win64\boost_system-vc90-mt-1_44.dll
0x000007feff510000 - 0x000007feff5eb000 	C:\Windows\system32\ADVAPI32.dll
0x000007feff170000 - 0x000007feff20f000 	C:\Windows\system32\msvcrt.dll
0x000007fefec20000 - 0x000007fefec3f000 	C:\Windows\SYSTEM32\sechost.dll
0x000007fefee70000 - 0x000007fefef9e000 	C:\Windows\system32\RPCRT4.dll
0x000000007a010000 - 0x000000007a035000 	C:\Program Files\MATLAB\R2012b\bin\win64\LIBEXPAT.dll
0x00000000593d0000 - 0x00000000595c1000 	C:\Program Files\MATLAB\R2012b\bin\win64\icuin44.dll
0x0000000072750000 - 0x00000000728c1000 	C:\Program Files\MATLAB\R2012b\bin\win64\icuuc44.dll
0x0000000010000000 - 0x0000000010e41000 	C:\Program Files\MATLAB\R2012b\bin\win64\icudt44.dll
0x0000000073f70000 - 0x000000007411d000 	C:\Program Files\MATLAB\R2012b\bin\win64\libmwfl.dll
0x0000000004420000 - 0x00000000047d6000 	C:\Program Files\MATLAB\R2012b\bin\win64\libmwMATLAB_res.dll
0x000000007a3b0000 - 0x000000007a3c0000 	C:\Program Files\MATLAB\R2012b\bin\win64\boost_date_time-vc90-mt-1_44.dll
0x000000007a250000 - 0x000000007a263000 	C:\Program Files\MATLAB\R2012b\bin\win64\boost_signals-vc90-mt-1_44.dll
0x000000007a2d0000 - 0x000000007a2e2000 	C:\Program Files\MATLAB\R2012b\bin\win64\boost_thread-vc90-mt-1_44.dll
0x00000000041c0000 - 0x000000000427d000 	C:\Program Files\MATLAB\R2012b\bin\win64\boost_log-vc90-mt-1_44.dll
0x00000000774b0000 - 0x00000000774b7000 	C:\Windows\system32\PSAPI.DLL
0x000007fefddc0000 - 0x000007fefde0d000 	C:\Windows\system32\WS2_32.dll
0x000007fefd6f0000 - 0x000007fefd6f8000 	C:\Windows\system32\NSI.dll
0x0000000004280000 - 0x00000000042c6000 	C:\Program Files\MATLAB\R2012b\bin\win64\tbb.dll
0x000007feff4f0000 - 0x000007feff507000 	C:\Windows\system32\imagehlp.dll
0x00000000745e0000 - 0x00000000745f3000 	C:\Program Files\MATLAB\R2012b\bin\win64\icuio44.dll
0x000007fef6830000 - 0x000007fef6955000 	C:\Windows\system32\dbghelp.dll
0x00000000771e0000 - 0x00000000772da000 	C:\Windows\system32\USER32.dll
0x000007fefda70000 - 0x000007fefdad7000 	C:\Windows\system32\GDI32.dll
0x000007fefec40000 - 0x000007fefec4e000 	C:\Windows\system32\LPK.dll
0x000007feff420000 - 0x000007feff4ea000 	C:\Windows\system32\USP10.dll
0x00000000047e0000 - 0x0000000004abc000 	C:\Program Files\MATLAB\R2012b\bin\win64\libmwservices.dll
0x0000000075a20000 - 0x0000000075af3000 	C:\Program Files\MATLAB\R2012b\bin\win64\libmx.dll
0x00000000042f0000 - 0x0000000004319000 	C:\Program Files\MATLAB\R2012b\bin\win64\tbbmalloc.dll
0x000000007a210000 - 0x000000007a228000 	C:\Program Files\MATLAB\R2012b\bin\win64\zlib1.dll
0x0000000004ae0000 - 0x0000000004b2d000 	C:\Program Files\MATLAB\R2012b\bin\win64\libmwregexp.dll
0x0000000004b40000 - 0x0000000004b63000 	C:\Program Files\MATLAB\R2012b\bin\win64\libmwmfl_scalar.dll
0x0000000075f10000 - 0x0000000075f60000 	C:\Program Files\MATLAB\R2012b\bin\win64\mpath.dll
0x000000007b680000 - 0x000000007bc9a000 	C:\Program Files\MATLAB\R2012b\bin\win64\mlutil.dll
0x00000000754d0000 - 0x0000000075551000 	C:\Program Files\MATLAB\R2012b\bin\win64\xmlcore.dll
0x0000000004bb0000 - 0x0000000004e03000 	C:\Program Files\MATLAB\R2012b\bin\win64\xerces-c_2_7.dll
0x0000000004e20000 - 0x0000000004e40000 	C:\Program Files\MATLAB\R2012b\bin\win64\libmwMATLAB_settings_res.dll
0x0000000004e50000 - 0x0000000004e60000 	C:\Program Files\MATLAB\R2012b\bin\win64\boost_iostreams-vc90-mt-1_44.dll
0x0000000004e70000 - 0x0000000004eb7000 	C:\Program Files\MATLAB\R2012b\bin\win64\boost_serialization-vc90-mt-1_44.dll
0x000007fefde10000 - 0x000007fefeb96000 	C:\Windows\system32\SHELL32.dll
0x000007fefeba0000 - 0x000007fefec11000 	C:\Windows\system32\SHLWAPI.dll
0x000007fefd570000 - 0x000007fefd610000 	C:\Windows\WinSxS\amd64_microsoft.windows.common-controls_6595b64144ccf1df_5.82.7600.16385_none_a44af8ec57f961cf\COMCTL32.dll
0x000007fefefa0000 - 0x000007feff038000 	C:\Windows\system32\COMDLG32.dll
0x000007fefa380000 - 0x000007fefa396000 	C:\Windows\system32\NETAPI32.dll
0x000007fefa370000 - 0x000007fefa37c000 	C:\Windows\system32\netutils.dll
0x000007fefd010000 - 0x000007fefd033000 	C:\Windows\system32\srvcli.dll
0x000007fefa350000 - 0x000007fefa365000 	C:\Windows\system32\wkscli.dll
0x000007fefdbb0000 - 0x000007fefddb1000 	C:\Windows\system32\ole32.dll
0x000007fefd610000 - 0x000007fefd6e7000 	C:\Windows\system32\OLEAUT32.dll
0x0000000074970000 - 0x0000000074a31000 	C:\Program Files\MATLAB\R2012b\bin\win64\mcr.dll
0x0000000075000000 - 0x00000000753e9000 	C:\Program Files\MATLAB\R2012b\bin\win64\iqm.dll
0x0000000074e80000 - 0x0000000074f38000 	C:\Program Files\MATLAB\R2012b\bin\win64\m_dispatcher.dll
0x0000000074880000 - 0x000000007496d000 	C:\Program Files\MATLAB\R2012b\bin\win64\boost_regex-vc90-mt-1_44.dll
0x000007feec810000 - 0x000007feed081000 	C:\Program Files\MATLAB\R2012b\bin\win64\m_interpreter.dll
0x0000000074430000 - 0x0000000074457000 	C:\Program Files\MATLAB\R2012b\bin\win64\libmex.dll
0x00000000706e0000 - 0x0000000070764000 	C:\Program Files\MATLAB\R2012b\bin\win64\profiler.dll
0x0000000004f40000 - 0x00000000051aa000 	C:\Program Files\MATLAB\R2012b\bin\win64\libmwmathutil.dll
0x0000000079f40000 - 0x0000000079f6e000 	C:\Program Files\MATLAB\R2012b\bin\win64\libmwmathrng.dll
0x00000000051d0000 - 0x00000000051e2000 	C:\Program Files\MATLAB\R2012b\bin\win64\libmwmfl_rng.dll
0x0000000074c10000 - 0x0000000074cee000 	C:\Program Files\MATLAB\R2012b\bin\win64\libmwmathcore.dll
0x0000000076160000 - 0x00000000761ca000 	C:\Program Files\MATLAB\R2012b\bin\win64\libmwspmatrix.dll
0x0000000075ea0000 - 0x0000000075f02000 	C:\Program Files\MATLAB\R2012b\bin\win64\libmwcholmod.dll
0x000000007a460000 - 0x000000007a46d000 	C:\Program Files\MATLAB\R2012b\bin\win64\libmwamd.dll
0x000000007a4b0000 - 0x000000007a4bc000 	C:\Program Files\MATLAB\R2012b\bin\win64\libmwcolamd.dll
0x000000007a290000 - 0x000000007a2a9000 	C:\Program Files\MATLAB\R2012b\bin\win64\libmwblas.dll
0x000000007a310000 - 0x000000007a321000 	C:\Program Files\MATLAB\R2012b\bin\win64\libmwbinder.dll
0x000000007a4d0000 - 0x000000007a4dc000 	C:\Program Files\MATLAB\R2012b\bin\win64\libmwompwrapper.dll
0x0000000005280000 - 0x0000000005305000 	C:\Program Files\MATLAB\R2012b\bin\win64\libmwlapack.dll
0x0000000005320000 - 0x0000000005341000 	C:\Program Files\MATLAB\R2012b\bin\win64\m_pcodeio.dll
0x0000000079b10000 - 0x0000000079b77000 	C:\Program Files\MATLAB\R2012b\bin\win64\m_ir.dll
0x0000000054d70000 - 0x00000000553e0000 	C:\Program Files\MATLAB\R2012b\bin\win64\m_parser.dll
0x0000000074410000 - 0x000000007442a000 	C:\Program Files\MATLAB\R2012b\bin\win64\ir_xfmr.dll
0x000007feedeb0000 - 0x000007feee146000 	C:\Program Files\MATLAB\R2012b\bin\win64\mcos.dll
0x0000000073b50000 - 0x0000000073b61000 	C:\Program Files\MATLAB\R2012b\bin\win64\mtok.dll
0x0000000072640000 - 0x0000000072671000 	C:\Program Files\MATLAB\R2012b\bin\win64\m_pcodegen.dll
0x0000000079fb0000 - 0x0000000079fe6000 	C:\Program Files\MATLAB\R2012b\bin\win64\libmwbridge.dll
0x00000000702c0000 - 0x0000000070388000 	C:\Program Files\MATLAB\R2012b\bin\win64\udd.dll
0x0000000060260000 - 0x00000000603b2000 	C:\Program Files\MATLAB\R2012b\bin\win64\libmwgui.dll
0x0000000072730000 - 0x0000000072747000 	C:\Program Files\MATLAB\R2012b\bin\win64\graphics_util.dll
0x0000000054310000 - 0x0000000054d6f000 	C:\Program Files\MATLAB\R2012b\bin\win64\hg.dll
0x0000000005410000 - 0x0000000005478000 	C:\Program Files\MATLAB\R2012b\bin\win64\libmat.dll
0x0000000072d30000 - 0x0000000072f44000 	C:\Program Files\MATLAB\R2012b\bin\win64\hdf5dll.dll
0x0000000075710000 - 0x00000000757de000 	C:\Program Files\MATLAB\R2012b\bin\win64\jmi.dll
0x00000000054b0000 - 0x00000000054bd000 	C:\Program Files\MATLAB\R2012b\bin\win64\nativejava_services.dll
0x00000000725f0000 - 0x0000000072636000 	C:\Program Files\MATLAB\R2012b\bin\win64\libmwhardcopy.dll
0x0000000070250000 - 0x00000000702b3000 	C:\Program Files\MATLAB\R2012b\bin\win64\libuij.dll
0x000000005dc10000 - 0x000000005de74000 	C:\Program Files\MATLAB\R2012b\bin\win64\hgdatatypes.dll
0x000000006b150000 - 0x000000006b26f000 	C:\Program Files\MATLAB\R2012b\bin\win64\hgutils.dll
0x000000005e4f0000 - 0x000000005e5b0000 	C:\Program Files\MATLAB\R2012b\bin\win64\udd_mi.dll
0x0000000005520000 - 0x000000000555b000 	C:\Program Files\MATLAB\R2012b\bin\win64\libmwgbtutils.dll
0x0000000005570000 - 0x000000000558b000 	C:\Program Files\MATLAB\R2012b\bin\win64\libmwgbt.dll
0x00000000055a0000 - 0x0000000005871000 	C:\Program Files\MATLAB\R2012b\bin\win64\uiw.dll
0x0000000074240000 - 0x000000007424f000 	C:\Program Files\MATLAB\R2012b\bin\win64\uinone.dll
0x00000000058a0000 - 0x00000000058c9000 	C:\Program Files\MATLAB\R2012b\bin\win64\libmwnativefiledialogs.dll
0x00000000058e0000 - 0x00000000058e8000 	C:\Program Files\MATLAB\R2012b\bin\win64\libmwplatform_res.dll
0x000007fef8070000 - 0x000007fef8088000 	C:\Windows\system32\MPR.dll
0x0000000058ee0000 - 0x00000000593c4000 	C:\Windows\WinSxS\amd64_microsoft.vc90.mfc_1fc8b3b9a1e18e3b_9.0.30729.6161_none_044aad0bab1eb146\mfc90.dll
0x000007fef4470000 - 0x000007fef4477000 	C:\Windows\system32\MSIMG32.dll
0x000007fefa550000 - 0x000007fefa5c0000 	C:\Windows\system32\WINSPOOL.DRV
0x00000000725c0000 - 0x00000000725e2000 	C:\Program Files\MATLAB\R2012b\bin\win64\mwoles05.DLL
0x0000000064aa0000 - 0x0000000064b1d000 	C:\Program Files\MATLAB\R2012b\bin\win64\comcli.dll
0x0000000070d70000 - 0x0000000070d9f000 	C:\Windows\WinSxS\amd64_microsoft.vc90.atl_1fc8b3b9a1e18e3b_9.0.30729.6161_none_0a1fd3a3a768b895\ATL90.DLL
0x0000000074740000 - 0x000000007474c000 	C:\Program Files\MATLAB\R2012b\bin\win64\mlautoregister.dll
0x000007feff3f0000 - 0x000007feff41e000 	C:\Windows\system32\IMM32.DLL
0x000007fefd960000 - 0x000007fefda69000 	C:\Windows\system32\MSCTF.dll
0x000007fefbb10000 - 0x000007fefbb66000 	C:\Windows\system32\UxTheme.dll
0x000007fefabc0000 - 0x000007fefabd8000 	C:\Windows\system32\dwmapi.dll
0x0000000005a60000 - 0x0000000005a6d000 	C:\Windows\WinSxS\amd64_microsoft.vc90.mfcloc_1fc8b3b9a1e18e3b_9.0.30729.6161_none_01c9581e60cbee58\MFC90ENU.DLL
0x000007fefd240000 - 0x000007fefd24f000 	C:\Windows\system32\profapi.dll
0x0000000005aa0000 - 0x0000000005aaf000 	C:\Program Files\MATLAB\R2012b\bin\win64\xmlxrcsc.dll
0x000007fefd170000 - 0x000007fefd17f000 	C:\Windows\system32\CRYPTBASE.dll
0x000007fefbd20000 - 0x000007fefbf14000 	C:\Windows\WinSxS\amd64_microsoft.windows.common-controls_6595b64144ccf1df_6.0.7600.16385_none_fa645303170382f6\comctl32.dll
0x000007feff210000 - 0x000007feff3e7000 	C:\Windows\system32\SETUPAPI.dll
0x000007fefd530000 - 0x000007fefd566000 	C:\Windows\system32\CFGMGR32.dll
0x000007fefd510000 - 0x000007fefd52a000 	C:\Windows\system32\DEVOBJ.dll
0x000007fefedd0000 - 0x000007fefee69000 	C:\Windows\system32\CLBCatQ.DLL
0x000007fefbb70000 - 0x000007fefbc9c000 	C:\Windows\system32\propsys.dll
0x000007fefbcf0000 - 0x000007fefbd1d000 	C:\Windows\system32\ntmarta.dll

VM Arguments:
jvm_args: -Xss512k -XX:PermSize=32m -Xms64m -XX:NewRatio=3 -XX:MaxPermSize=128m -Xmx196m -XX:MaxDirectMemorySize=2147400000 -Dsun.java2d.noddraw=true -Dsun.awt.nopixfmt=true -Xshare:off -Xrs -Dsun.awt.disableMixing=true -Djava.library.path=C:\Program Files\MATLAB\R2012b\bin\win64;C:\Program Files\MATLAB\R2012b\sys\jxbrowser\win64\lib vfprintf abort 
java_command: <unknown>
Launcher Type: generic

Environment Variables:
PATH=C:\Windows\system32;C:\Windows;C:\Windows\System32\Wbem;C:\Windows\System32\WindowsPowerShell\v1.0\;C:\Program Files\Lenovo\Bluetooth Software\;C:\Program Files\Lenovo\Bluetooth Software\syswow64;C:\Program Files\MiKTeX 2.9\miktex\bin\x64\;C:\Program Files\MATLAB\R2012b\runtime\win64;C:\Program Files\MATLAB\R2012b\bin
USERNAME=Sahse-Kamran
OS=Windows_NT
PROCESSOR_IDENTIFIER=Intel64 Family 6 Model 42 Stepping 7, GenuineIntel



---------------  S Y S T E M  ---------------

OS: Windows 7 Build 7600 

CPU:total 2 (8 cores per cpu, 2 threads per core) family 6 model 42 stepping 7, cmov, cx8, fxsr, mmx, sse, sse2, sse3, ssse3, sse4.1, sse4.2, ht

Memory: 4k page, physical 4106384k(1313200k free), swap 8210872k(4695292k free)

vm_info: Java HotSpot(TM) 64-Bit Server VM (14.3-b01) for windows-amd64 JRE (1.6.0_17-b04), built on Oct 11 2009 00:46:08 by "java_re" with MS VC++ 8.0

time: Mon Dec 30 01:37:31 2013
elapsed time: 14529 seconds

